<?xml version="1.0" encoding="UTF-8"?>
<!-- Generated by org.testng.reporters.JUnitReportReporter -->
<testsuite hostname="akilan-18633-gf" failures="0" tests="1" name="sampleautomation.TestClass" time="9.394" errors="0" timestamp="2023-11-03T15:12:12 IST" skipped="0">
  <testcase classname="sampleautomation.TestClass" name="testSetUp" time="9.394"/>
</testsuite> <!-- sampleautomation.TestClass -->
