<?xml version="1.0" encoding="UTF-8"?>
<!-- Generated by org.testng.reporters.JUnitReportReporter -->
<testsuite hostname="akilan-18633-gf" failures="0" tests="3" name="sampleautomation.TestHard" time="0.009" errors="0" timestamp="2023-11-03T14:09:22 IST" skipped="0">
  <testcase classname="sampleautomation.TestHard" name="testCasetwo3289" time="0.002"/>
  <testcase classname="sampleautomation.TestHard" name="testCasetwo456" time="0.003"/>
  <testcase classname="sampleautomation.TestHard" name="testCasetwo190" time="0.004"/>
</testsuite> <!-- sampleautomation.TestHard -->
