<?xml version="1.0" encoding="UTF-8"?>
<!-- Generated by org.testng.reporters.JUnitReportReporter -->
<testsuite hostname="akilan-18633-gf" failures="0" tests="3" name="sampleautomation.LoginAutomation" time="202.516" errors="0" timestamp="2023-11-03T10:09:45 IST" skipped="0">
  <testcase classname="sampleautomation.LoginAutomation" name="fluentWaitMethod" time="63.506"/>
  <testcase classname="sampleautomation.LoginAutomation" name="fluentWaitMethod" time="65.104"/>
  <testcase classname="sampleautomation.LoginAutomation" name="fluentWaitMethod" time="73.906"/>
</testsuite> <!-- sampleautomation.LoginAutomation -->
