<?xml version="1.0" encoding="UTF-8"?>
<!-- Generated by org.testng.reporters.JUnitReportReporter -->
<testsuite hostname="akilan-18633-gf" failures="0" tests="3" name="sampleautomation.TestAssert" time="0.033" errors="0" timestamp="2023-11-03T14:09:22 IST" skipped="0">
  <testcase classname="sampleautomation.TestAssert" name="testCasetwo32" time="0.005"/>
  <testcase classname="sampleautomation.TestAssert" name="testCasetwo1" time="0.005"/>
  <testcase classname="sampleautomation.TestAssert" name="testCasetwo" time="0.023"/>
</testsuite> <!-- sampleautomation.TestAssert -->
