<?xml version="1.0" encoding="UTF-8"?>
<!-- Generated by org.testng.reporters.JUnitReportReporter -->
<testsuite hostname="akilan-18633-gf" failures="0" tests="10" name="sampleautomation.TheadInvocation" time="0.064" errors="0" timestamp="2023-11-02T13:42:40 IST" skipped="0">
  <testcase classname="sampleautomation.TheadInvocation" name="testThreadPools" time="0.008"/>
  <testcase classname="sampleautomation.TheadInvocation" name="testThreadPools" time="0.002"/>
  <testcase classname="sampleautomation.TheadInvocation" name="testThreadPools" time="0.003"/>
  <testcase classname="sampleautomation.TheadInvocation" name="testThreadPools" time="0.008"/>
  <testcase classname="sampleautomation.TheadInvocation" name="testThreadPools" time="0.009"/>
  <testcase classname="sampleautomation.TheadInvocation" name="testThreadPools" time="0.004"/>
  <testcase classname="sampleautomation.TheadInvocation" name="testThreadPools" time="0.006"/>
  <testcase classname="sampleautomation.TheadInvocation" name="testThreadPools" time="0.008"/>
  <testcase classname="sampleautomation.TheadInvocation" name="testThreadPools" time="0.008"/>
  <testcase classname="sampleautomation.TheadInvocation" name="testThreadPools" time="0.008"/>
</testsuite> <!-- sampleautomation.TheadInvocation -->
